
Log for 'CPLEX' Clone_1 (V12.7.1.0) Thu Jun  8 13:00:05 2017

Tried aggregator 0 times.
No LP presolve or aggregator reductions.
Presolve time = 0.00 sec. (0.80 ticks)
Symmetry aggregator did 4220 additional substitutions.
Tried aggregator 0 times.
Reduced presolve eliminated 2 rows and 2 columns.
All rows and columns eliminated.
Presolve time = 0.00 sec. (0.00 ticks)
Barrier time = 0.00 sec. (0.00 ticks)

Total time on 6 threads = 0.00 sec. (99.57 ticks)
Barrier time = 0.00 sec. (2.35 ticks)
Parallel mode: deterministic, using up to 6 threads for concurrent optimization.

Dual crossover.
  Dual:  Fixing 4 variables.

Log for 'CPLEX' Clone_1 (V12.7.1.0) Thu Jun  8 13:00:05 2017


Primal crossover.
  Primal:  Fixing 3972 variables.
Total crossover time = 0.00 sec. (96.56 ticks)

Total time on 6 threads = 0.01 sec. (196.28 ticks)

Dual simplex solved model.


Log for 'CPLEX' Clone_1 (V12.7.1.0) Thu Jun  8 13:00:05 2017

Tried aggregator 0 times.
No LP presolve or aggregator reductions.
Presolve time = 0.00 sec. (0.80 ticks)
Symmetry aggregator did 4220 additional substitutions.
Tried aggregator 0 times.
Reduced presolve eliminated 2 rows and 2 columns.
All rows and columns eliminated.
Presolve time = 0.00 sec. (0.00 ticks)
Barrier time = 0.00 sec. (0.00 ticks)

Total time on 6 threads = 0.00 sec. (99.57 ticks)
Barrier time = 0.00 sec. (2.35 ticks)
Parallel mode: deterministic, using up to 6 threads for concurrent optimization.

Dual crossover.
  Dual:  Fixing 4 variables.

Log for 'CPLEX' Clone_1 (V12.7.1.0) Thu Jun  8 13:00:05 2017


Primal crossover.
  Primal:  Fixing 3971 variables.
Total crossover time = 0.00 sec. (96.56 ticks)

Total time on 6 threads = 0.01 sec. (196.28 ticks)

Dual simplex solved model.


Log for 'CPLEX' Clone_1 (V12.7.1.0) Thu Jun  8 13:00:05 2017

Tried aggregator 0 times.
No LP presolve or aggregator reductions.
Presolve time = 0.00 sec. (0.80 ticks)
Symmetry aggregator did 4220 additional substitutions.
Tried aggregator 0 times.
Reduced presolve eliminated 2 rows and 2 columns.
All rows and columns eliminated.
Presolve time = 0.00 sec. (0.00 ticks)
Barrier time = 0.00 sec. (0.00 ticks)

Total time on 6 threads = 0.00 sec. (99.57 ticks)
Barrier time = 0.00 sec. (2.35 ticks)
Parallel mode: deterministic, using up to 6 threads for concurrent optimization.

Dual crossover.
  Dual:  Fixing 4 variables.

Log for 'CPLEX' Clone_1 (V12.7.1.0) Thu Jun  8 13:00:05 2017


Primal crossover.
  Primal:  Fixing 3905 variables.
Total crossover time = 0.00 sec. (96.58 ticks)

Total time on 6 threads = 0.00 sec. (196.30 ticks)

Dual simplex solved model.


Log for 'CPLEX' Clone_1 (V12.7.1.0) Thu Jun  8 13:00:05 2017

Tried aggregator 0 times.
No LP presolve or aggregator reductions.
Presolve time = 0.00 sec. (0.80 ticks)
Symmetry aggregator did 4220 additional substitutions.
Tried aggregator 0 times.
Reduced presolve eliminated 2 rows and 2 columns.
All rows and columns eliminated.
Presolve time = 0.00 sec. (0.00 ticks)
Barrier time = 0.00 sec. (0.00 ticks)

Total time on 6 threads = 0.00 sec. (99.57 ticks)
Barrier time = 0.00 sec. (2.35 ticks)
Parallel mode: deterministic, using up to 6 threads for concurrent optimization.

Dual crossover.
  Dual:  Fixing 4 variables.

Log for 'CPLEX' Clone_1 (V12.7.1.0) Thu Jun  8 13:00:05 2017


Primal crossover.
  Primal:  Fixing 3905 variables.
Total crossover time = 0.00 sec. (96.58 ticks)

Total time on 6 threads = 0.00 sec. (196.30 ticks)

Dual simplex solved model.


Log for 'CPLEX' Clone_1 (V12.7.1.0) Thu Jun  8 13:00:06 2017

Tried aggregator 0 times.
No LP presolve or aggregator reductions.
Presolve time = 0.00 sec. (0.80 ticks)
Symmetry aggregator did 4220 additional substitutions.
Tried aggregator 0 times.
Reduced presolve eliminated 2 rows and 2 columns.
All rows and columns eliminated.
Presolve time = 0.00 sec. (0.00 ticks)
Barrier time = 0.00 sec. (0.00 ticks)

Total time on 6 threads = 0.00 sec. (99.57 ticks)
Barrier time = 0.00 sec. (2.35 ticks)

Log for 'CPLEX' Clone_1 (V12.7.1.0) Thu Jun  8 13:00:06 2017


Primal crossover.
  Primal:  Fixing 3972 variables.
Parallel mode: deterministic, using up to 6 threads for concurrent optimization.

Dual crossover.
  Dual:  Fixing 4 variables.
Total crossover time = 0.00 sec. (96.56 ticks)

Total time on 6 threads = 0.00 sec. (196.28 ticks)

Dual simplex solved model.


Log for 'CPLEX' Clone_1 (V12.7.1.0) Thu Jun  8 13:00:06 2017

Tried aggregator 0 times.
No LP presolve or aggregator reductions.
Presolve time = 0.01 sec. (3.17 ticks)
Symmetry aggregator did 16636 additional substitutions.
Tried aggregator 0 times.
Reduced presolve eliminated 2 rows and 2 columns.
All rows and columns eliminated.
Presolve time = 0.00 sec. (0.00 ticks)
Barrier time = 0.00 sec. (0.00 ticks)

Total time on 6 threads = 0.02 sec. (112.90 ticks)
Barrier time = 0.01 sec. (9.42 ticks)

Log for 'CPLEX' Clone_1 (V12.7.1.0) Thu Jun  8 13:00:06 2017


Primal crossover.
  Primal:  Fixing 16001 variables.
    16000 PMoves:  Infeasibility  3.79252185e-13  Objective -1.28000000e+02
Parallel mode: deterministic, using up to 6 threads for concurrent optimization.

Dual crossover.
  Dual:  Fixed no variables.
    15840 PMoves:  Infeasibility  8.48210391e-14  Objective -1.28000000e+02
  Primal:  Fixing 16001 variables.
    15344 PMoves:  Infeasibility  1.16018306e-14  Objective -1.28000000e+02
    16000 PMoves:  Infeasibility  3.79252185e-13  Objective -1.28000000e+02
    15840 PMoves:  Infeasibility  8.48210391e-14  Objective -1.28000000e+02
    15344 PMoves:  Infeasibility  1.16018306e-14  Objective -1.28000000e+02
    14338 PMoves:  Infeasibility  1.87350135e-14  Objective -1.28000000e+02
    14338 PMoves:  Infeasibility  1.87350135e-14  Objective -1.28000000e+02
    12979 PMoves:  Infeasibility  2.28705943e-14  Objective -1.28000000e+02
Total crossover time = 0.01 sec. (110.48 ticks)

Total time on 6 threads = 0.03 sec. (223.93 ticks)

Dual simplex solved model.


Log for 'CPLEX' Clone_1 (V12.7.1.0) Thu Jun  8 13:00:06 2017

Tried aggregator 0 times.
No LP presolve or aggregator reductions.
Presolve time = 0.01 sec. (3.17 ticks)
Symmetry aggregator did 16636 additional substitutions.
Tried aggregator 0 times.
Reduced presolve eliminated 2 rows and 2 columns.
All rows and columns eliminated.
Presolve time = 0.00 sec. (0.00 ticks)
Barrier time = 0.00 sec. (0.00 ticks)

Total time on 6 threads = 0.02 sec. (112.90 ticks)
Barrier time = 0.01 sec. (9.42 ticks)

Log for 'CPLEX' Clone_1 (V12.7.1.0) Thu Jun  8 13:00:07 2017


Primal crossover.
  Primal:  Fixing 16001 variables.
Parallel mode: deterministic, using up to 6 threads for concurrent optimization.

Dual crossover.
  Dual:  Fixed no variables.
  Primal:  Fixing 16001 variables.
    16000 PMoves:  Infeasibility  3.79252185e-13  Objective -1.28000000e+02
    15840 PMoves:  Infeasibility  8.48210391e-14  Objective -1.28000000e+02
    15344 PMoves:  Infeasibility  1.16018306e-14  Objective -1.28000000e+02
    16000 PMoves:  Infeasibility  3.79252185e-13  Objective -1.28000000e+02
    15840 PMoves:  Infeasibility  8.48210391e-14  Objective -1.28000000e+02
    15344 PMoves:  Infeasibility  1.16018306e-14  Objective -1.28000000e+02
    14338 PMoves:  Infeasibility  1.87350135e-14  Objective -1.28000000e+02
Total crossover time = 0.01 sec. (103.54 ticks)

Total time on 6 threads = 0.03 sec. (216.99 ticks)

Dual simplex solved model.


Log for 'CPLEX' Clone_1 (V12.7.1.0) Thu Jun  8 13:00:07 2017

Tried aggregator 0 times.
No LP presolve or aggregator reductions.
Presolve time = 0.01 sec. (3.17 ticks)
Symmetry aggregator did 16636 additional substitutions.
Tried aggregator 0 times.
Reduced presolve eliminated 2 rows and 2 columns.
All rows and columns eliminated.
Presolve time = 0.00 sec. (0.00 ticks)
Barrier time = 0.00 sec. (0.00 ticks)

Total time on 6 threads = 0.02 sec. (112.90 ticks)
Barrier time = 0.01 sec. (9.42 ticks)

Log for 'CPLEX' Clone_1 (V12.7.1.0) Thu Jun  8 13:00:07 2017


Primal crossover.
  Primal:  Fixing 16001 variables.
    16000 PMoves:  Infeasibility  3.79252185e-13  Objective -1.28000000e+02
    15840 PMoves:  Infeasibility  8.48210391e-14  Objective -1.28000000e+02
Parallel mode: deterministic, using up to 6 threads for concurrent optimization.

Dual crossover.
  Dual:  Fixed no variables.
    15344 PMoves:  Infeasibility  1.16018306e-14  Objective -1.28000000e+02
  Primal:  Fixing 16001 variables.
    16000 PMoves:  Infeasibility  3.79252185e-13  Objective -1.28000000e+02
    15840 PMoves:  Infeasibility  8.48210391e-14  Objective -1.28000000e+02
    15344 PMoves:  Infeasibility  1.16018306e-14  Objective -1.28000000e+02
    14338 PMoves:  Infeasibility  1.87350135e-14  Objective -1.28000000e+02
Total crossover time = 0.01 sec. (108.38 ticks)

Total time on 6 threads = 0.03 sec. (221.83 ticks)

Dual simplex solved model.


Log for 'CPLEX' Clone_1 (V12.7.1.0) Thu Jun  8 13:00:07 2017

Tried aggregator 0 times.
No LP presolve or aggregator reductions.
Presolve time = 0.01 sec. (3.17 ticks)
Symmetry aggregator did 16636 additional substitutions.
Tried aggregator 0 times.
Reduced presolve eliminated 2 rows and 2 columns.
All rows and columns eliminated.
Presolve time = 0.00 sec. (0.00 ticks)
Barrier time = 0.00 sec. (0.00 ticks)

Total time on 6 threads = 0.02 sec. (112.90 ticks)
Barrier time = 0.01 sec. (9.42 ticks)

Log for 'CPLEX' Clone_1 (V12.7.1.0) Thu Jun  8 13:00:07 2017


Primal crossover.
  Primal:  Fixing 16001 variables.
    16000 PMoves:  Infeasibility  3.79252185e-13  Objective -1.28000000e+02
Parallel mode: deterministic, using up to 6 threads for concurrent optimization.

Dual crossover.
  Dual:  Fixed no variables.
    15840 PMoves:  Infeasibility  8.48210391e-14  Objective -1.28000000e+02
  Primal:  Fixing 16001 variables.
    16000 PMoves:  Infeasibility  3.79252185e-13  Objective -1.28000000e+02
    15344 PMoves:  Infeasibility  1.16018306e-14  Objective -1.28000000e+02
    15840 PMoves:  Infeasibility  8.48210391e-14  Objective -1.28000000e+02
    15344 PMoves:  Infeasibility  1.16018306e-14  Objective -1.28000000e+02
    14338 PMoves:  Infeasibility  1.87350135e-14  Objective -1.28000000e+02
    14338 PMoves:  Infeasibility  1.87350135e-14  Objective -1.28000000e+02
Total crossover time = 0.01 sec. (108.13 ticks)

Total time on 6 threads = 0.03 sec. (221.58 ticks)

Dual simplex solved model.


Log for 'CPLEX' Clone_1 (V12.7.1.0) Thu Jun  8 13:00:07 2017

Tried aggregator 0 times.
No LP presolve or aggregator reductions.
Presolve time = 0.01 sec. (3.17 ticks)
Symmetry aggregator did 16636 additional substitutions.
Tried aggregator 0 times.
Reduced presolve eliminated 2 rows and 2 columns.
All rows and columns eliminated.
Presolve time = 0.00 sec. (0.00 ticks)
Barrier time = 0.00 sec. (0.00 ticks)

Total time on 6 threads = 0.02 sec. (112.90 ticks)
Barrier time = 0.01 sec. (9.42 ticks)

Log for 'CPLEX' Clone_1 (V12.7.1.0) Thu Jun  8 13:00:07 2017


Primal crossover.
  Primal:  Fixing 16001 variables.
Parallel mode: deterministic, using up to 6 threads for concurrent optimization.

Dual crossover.
  Dual:  Fixed no variables.
    16000 PMoves:  Infeasibility  3.79252185e-13  Objective -1.28000000e+02
    15840 PMoves:  Infeasibility  8.48210391e-14  Objective -1.28000000e+02
  Primal:  Fixing 16001 variables.
    16000 PMoves:  Infeasibility  3.79252185e-13  Objective -1.28000000e+02
    15344 PMoves:  Infeasibility  1.16018306e-14  Objective -1.28000000e+02
    15840 PMoves:  Infeasibility  8.48210391e-14  Objective -1.28000000e+02
    15344 PMoves:  Infeasibility  1.16018306e-14  Objective -1.28000000e+02
    14338 PMoves:  Infeasibility  1.87350135e-14  Objective -1.28000000e+02
    14338 PMoves:  Infeasibility  1.87350135e-14  Objective -1.28000000e+02
    12979 PMoves:  Infeasibility  2.28705943e-14  Objective -1.28000000e+02
Total crossover time = 0.01 sec. (110.21 ticks)

Total time on 6 threads = 0.03 sec. (223.66 ticks)

Dual simplex solved model.


Log for 'CPLEX' Clone_1 (V12.7.1.0) Thu Jun  8 13:00:08 2017

Tried aggregator 0 times.
No LP presolve or aggregator reductions.
Presolve time = 0.03 sec. (12.61 ticks)
Symmetry aggregator did 66044 additional substitutions.
Tried aggregator 0 times.
Reduced presolve eliminated 2 rows and 2 columns.
All rows and columns eliminated.
Presolve time = 0.00 sec. (0.00 ticks)
Barrier time = 0.00 sec. (0.00 ticks)

Total time on 6 threads = 0.10 sec. (165.41 ticks)
Barrier time = 0.05 sec. (37.71 ticks)

Log for 'CPLEX' Clone_1 (V12.7.1.0) Thu Jun  8 13:00:08 2017


Primal crossover.
  Primal:  Fixing 64769 variables.
Parallel mode: deterministic, using up to 6 threads for concurrent optimization.

Dual crossover.
  Dual:  Fixed no variables.
    64768 PMoves:  Infeasibility  1.55431223e-12  Objective -2.56000000e+02
    64574 PMoves:  Infeasibility  6.21724894e-15  Objective -2.56000000e+02
    64159 PMoves:  Infeasibility  6.46704912e-15  Objective -2.56000000e+02
  Primal:  Fixing 64769 variables.
    64768 PMoves:  Infeasibility  1.55431223e-12  Objective -2.56000000e+02
    64574 PMoves:  Infeasibility  6.21724894e-15  Objective -2.56000000e+02
    63096 PMoves:  Infeasibility  2.33021935e-13  Objective -2.56000000e+02
    64159 PMoves:  Infeasibility  6.46704912e-15  Objective -2.56000000e+02
    63096 PMoves:  Infeasibility  2.33021935e-13  Objective -2.56000000e+02
    61173 PMoves:  Infeasibility  1.06775699e-13  Objective -2.56000000e+02
    61173 PMoves:  Infeasibility  1.06775699e-13  Objective -2.56000000e+02
    58483 PMoves:  Infeasibility  8.96921426e-14  Objective -2.56000000e+02
    58483 PMoves:  Infeasibility  8.96921426e-14  Objective -2.56000000e+02
    55577 PMoves:  Infeasibility  9.67559366e-14  Objective -2.56000000e+02
    55577 PMoves:  Infeasibility  9.67559366e-14  Objective -2.56000000e+02
Total crossover time = 0.05 sec. (184.62 ticks)

Total time on 6 threads = 0.15 sec. (352.22 ticks)

Dual simplex solved model.


Log for 'CPLEX' Clone_1 (V12.7.1.0) Thu Jun  8 13:00:08 2017

Tried aggregator 0 times.
No LP presolve or aggregator reductions.
Presolve time = 0.03 sec. (12.61 ticks)
Symmetry aggregator did 66044 additional substitutions.
Tried aggregator 0 times.
Reduced presolve eliminated 2 rows and 2 columns.
All rows and columns eliminated.
Presolve time = 0.00 sec. (0.00 ticks)
Barrier time = 0.00 sec. (0.00 ticks)

Total time on 6 threads = 0.11 sec. (165.41 ticks)
Barrier time = 0.05 sec. (37.71 ticks)

Log for 'CPLEX' Clone_1 (V12.7.1.0) Thu Jun  8 13:00:08 2017


Primal crossover.
  Primal:  Fixing 64769 variables.
    64768 PMoves:  Infeasibility  1.55431223e-12  Objective -2.56000000e+02
Parallel mode: deterministic, using up to 6 threads for concurrent optimization.

Dual crossover.
  Dual:  Fixed no variables.
    64574 PMoves:  Infeasibility  6.21724894e-15  Objective -2.56000000e+02
    64159 PMoves:  Infeasibility  6.46704912e-15  Objective -2.56000000e+02
  Primal:  Fixing 64769 variables.
    64768 PMoves:  Infeasibility  1.55431223e-12  Objective -2.56000000e+02
    63096 PMoves:  Infeasibility  2.33021935e-13  Objective -2.56000000e+02
    64574 PMoves:  Infeasibility  6.21724894e-15  Objective -2.56000000e+02
    64159 PMoves:  Infeasibility  6.46704912e-15  Objective -2.56000000e+02
    61173 PMoves:  Infeasibility  1.06775699e-13  Objective -2.56000000e+02
    63096 PMoves:  Infeasibility  2.33021935e-13  Objective -2.56000000e+02
    61173 PMoves:  Infeasibility  1.06775699e-13  Objective -2.56000000e+02
    58483 PMoves:  Infeasibility  8.96921426e-14  Objective -2.56000000e+02
    58483 PMoves:  Infeasibility  8.96921426e-14  Objective -2.56000000e+02
    55577 PMoves:  Infeasibility  9.67559366e-14  Objective -2.56000000e+02
    55577 PMoves:  Infeasibility  9.67559366e-14  Objective -2.56000000e+02
Total crossover time = 0.04 sec. (182.75 ticks)

Total time on 6 threads = 0.15 sec. (350.35 ticks)

Dual simplex solved model.


Log for 'CPLEX' Clone_1 (V12.7.1.0) Thu Jun  8 13:00:09 2017

Tried aggregator 0 times.
No LP presolve or aggregator reductions.
Presolve time = 0.03 sec. (12.61 ticks)
Symmetry aggregator did 66044 additional substitutions.
Tried aggregator 0 times.
Reduced presolve eliminated 2 rows and 2 columns.
All rows and columns eliminated.
Presolve time = 0.00 sec. (0.00 ticks)
Barrier time = 0.00 sec. (0.00 ticks)

Total time on 6 threads = 0.10 sec. (165.41 ticks)
Barrier time = 0.05 sec. (37.71 ticks)

Log for 'CPLEX' Clone_1 (V12.7.1.0) Thu Jun  8 13:00:09 2017


Primal crossover.
  Primal:  Fixing 64769 variables.
    64768 PMoves:  Infeasibility  1.55431223e-12  Objective -2.56000000e+02
Parallel mode: deterministic, using up to 6 threads for concurrent optimization.

Dual crossover.
  Dual:  Fixed no variables.
    64574 PMoves:  Infeasibility  6.21724894e-15  Objective -2.56000000e+02
    64159 PMoves:  Infeasibility  6.46704912e-15  Objective -2.56000000e+02
  Primal:  Fixing 64769 variables.
    64768 PMoves:  Infeasibility  1.55431223e-12  Objective -2.56000000e+02
    63096 PMoves:  Infeasibility  2.33021935e-13  Objective -2.56000000e+02
    64574 PMoves:  Infeasibility  6.21724894e-15  Objective -2.56000000e+02
    64159 PMoves:  Infeasibility  6.46704912e-15  Objective -2.56000000e+02
    61173 PMoves:  Infeasibility  1.06775699e-13  Objective -2.56000000e+02
    63096 PMoves:  Infeasibility  2.33021935e-13  Objective -2.56000000e+02
    61173 PMoves:  Infeasibility  1.06775699e-13  Objective -2.56000000e+02
    58483 PMoves:  Infeasibility  8.96921426e-14  Objective -2.56000000e+02
    58483 PMoves:  Infeasibility  8.96921426e-14  Objective -2.56000000e+02
    55577 PMoves:  Infeasibility  9.67559366e-14  Objective -2.56000000e+02
    55577 PMoves:  Infeasibility  9.67559366e-14  Objective -2.56000000e+02
Total crossover time = 0.05 sec. (185.86 ticks)

Total time on 6 threads = 0.15 sec. (353.46 ticks)

Dual simplex solved model.


Log for 'CPLEX' Clone_1 (V12.7.1.0) Thu Jun  8 13:00:09 2017

Tried aggregator 0 times.
No LP presolve or aggregator reductions.
Presolve time = 0.03 sec. (12.61 ticks)
Symmetry aggregator did 66044 additional substitutions.
Tried aggregator 0 times.
Reduced presolve eliminated 2 rows and 2 columns.
All rows and columns eliminated.
Presolve time = 0.00 sec. (0.00 ticks)
Barrier time = 0.00 sec. (0.00 ticks)

Total time on 6 threads = 0.11 sec. (165.41 ticks)
Barrier time = 0.05 sec. (37.71 ticks)

Log for 'CPLEX' Clone_1 (V12.7.1.0) Thu Jun  8 13:00:09 2017


Primal crossover.
  Primal:  Fixing 64769 variables.
    64768 PMoves:  Infeasibility  1.55431223e-12  Objective -2.56000000e+02
    64574 PMoves:  Infeasibility  6.21724894e-15  Objective -2.56000000e+02
    64159 PMoves:  Infeasibility  6.46704912e-15  Objective -2.56000000e+02
Parallel mode: deterministic, using up to 6 threads for concurrent optimization.

Dual crossover.
  Dual:  Fixed no variables.
    63096 PMoves:  Infeasibility  2.33021935e-13  Objective -2.56000000e+02
  Primal:  Fixing 64769 variables.
    64768 PMoves:  Infeasibility  1.55431223e-12  Objective -2.56000000e+02
    61173 PMoves:  Infeasibility  1.06775699e-13  Objective -2.56000000e+02
    64574 PMoves:  Infeasibility  6.21724894e-15  Objective -2.56000000e+02
    64159 PMoves:  Infeasibility  6.46704912e-15  Objective -2.56000000e+02
    63096 PMoves:  Infeasibility  2.33021935e-13  Objective -2.56000000e+02
    58483 PMoves:  Infeasibility  8.96921426e-14  Objective -2.56000000e+02
    61173 PMoves:  Infeasibility  1.06775699e-13  Objective -2.56000000e+02
    55577 PMoves:  Infeasibility  9.67559366e-14  Objective -2.56000000e+02
    58483 PMoves:  Infeasibility  8.96921426e-14  Objective -2.56000000e+02
    51967 PMoves:  Infeasibility  9.42024236e-14  Objective -2.56000000e+02
    55577 PMoves:  Infeasibility  9.67559366e-14  Objective -2.56000000e+02
Total crossover time = 0.05 sec. (191.98 ticks)

Total time on 6 threads = 0.16 sec. (359.58 ticks)

Dual simplex solved model.


Log for 'CPLEX' Clone_1 (V12.7.1.0) Thu Jun  8 13:00:09 2017

Tried aggregator 0 times.
No LP presolve or aggregator reductions.
Presolve time = 0.03 sec. (12.61 ticks)
Symmetry aggregator did 66044 additional substitutions.
Tried aggregator 0 times.
Reduced presolve eliminated 2 rows and 2 columns.
All rows and columns eliminated.
Presolve time = 0.00 sec. (0.00 ticks)
Barrier time = 0.00 sec. (0.00 ticks)

Total time on 6 threads = 0.11 sec. (165.41 ticks)
Barrier time = 0.05 sec. (37.71 ticks)

Log for 'CPLEX' Clone_1 (V12.7.1.0) Thu Jun  8 13:00:10 2017


Primal crossover.
  Primal:  Fixing 64769 variables.
    64768 PMoves:  Infeasibility  1.55431223e-12  Objective -2.56000000e+02
    64574 PMoves:  Infeasibility  6.21724894e-15  Objective -2.56000000e+02
Parallel mode: deterministic, using up to 6 threads for concurrent optimization.

Dual crossover.
  Dual:  Fixed no variables.
    64159 PMoves:  Infeasibility  6.46704912e-15  Objective -2.56000000e+02
  Primal:  Fixing 64769 variables.
    64768 PMoves:  Infeasibility  1.55431223e-12  Objective -2.56000000e+02
    63096 PMoves:  Infeasibility  2.33021935e-13  Objective -2.56000000e+02
    64574 PMoves:  Infeasibility  6.21724894e-15  Objective -2.56000000e+02
    64159 PMoves:  Infeasibility  6.46704912e-15  Objective -2.56000000e+02
    61173 PMoves:  Infeasibility  1.06775699e-13  Objective -2.56000000e+02
    63096 PMoves:  Infeasibility  2.33021935e-13  Objective -2.56000000e+02
    61173 PMoves:  Infeasibility  1.06775699e-13  Objective -2.56000000e+02
    58483 PMoves:  Infeasibility  8.96921426e-14  Objective -2.56000000e+02
    58483 PMoves:  Infeasibility  8.96921426e-14  Objective -2.56000000e+02
    55577 PMoves:  Infeasibility  9.67559366e-14  Objective -2.56000000e+02
    55577 PMoves:  Infeasibility  9.67559366e-14  Objective -2.56000000e+02
Total crossover time = 0.05 sec. (186.00 ticks)

Total time on 6 threads = 0.15 sec. (353.60 ticks)

Dual simplex solved model.


Log for 'CPLEX' Clone_1 (V12.7.1.0) Thu Jun  8 13:00:11 2017

Tried aggregator 0 times.
No LP presolve or aggregator reductions.
Presolve time = 0.14 sec. (50.35 ticks)
Symmetry aggregator did 263164 additional substitutions.
Tried aggregator 0 times.
Reduced presolve eliminated 2 rows and 2 columns.
All rows and columns eliminated.
Presolve time = 0.00 sec. (0.00 ticks)
Barrier time = 0.00 sec. (0.00 ticks)

Total time on 6 threads = 0.66 sec. (375.41 ticks)
Barrier time = 0.38 sec. (150.93 ticks)

Log for 'CPLEX' Clone_1 (V12.7.1.0) Thu Jun  8 13:00:11 2017


Primal crossover.
  Primal:  Fixing 260609 variables.
   260608 PMoves:  Infeasibility  1.43813850e-11  Objective -5.12000000e+02
   260309 PMoves:  Infeasibility  2.84217094e-14  Objective -5.12000000e+02
Parallel mode: deterministic, using up to 6 threads for concurrent optimization.

Dual crossover.
  Dual:  Fixed no variables.
   259878 PMoves:  Infeasibility  3.11606296e-12  Objective -5.12000000e+02
   259055 PMoves:  Infeasibility  1.79034565e-12  Objective -5.12000000e+02
   257234 PMoves:  Infeasibility  1.02307052e-13  Objective -5.12000000e+02
  Primal:  Fixing 260609 variables.
   260608 PMoves:  Infeasibility  1.43813850e-11  Objective -5.12000000e+02
   260309 PMoves:  Infeasibility  2.84217094e-14  Objective -5.12000000e+02
   259878 PMoves:  Infeasibility  3.11606296e-12  Objective -5.12000000e+02
   253813 PMoves:  Infeasibility  1.00941477e-12  Objective -5.12000000e+02
   259055 PMoves:  Infeasibility  1.79034565e-12  Objective -5.12000000e+02
   257234 PMoves:  Infeasibility  1.02307052e-13  Objective -5.12000000e+02
   248650 PMoves:  Infeasibility  6.31439345e-13  Objective -5.12000000e+02
   253813 PMoves:  Infeasibility  1.00941477e-12  Objective -5.12000000e+02
   243612 PMoves:  Infeasibility  9.08439990e-13  Objective -5.12000000e+02
   248650 PMoves:  Infeasibility  6.31439345e-13  Objective -5.12000000e+02
   237328 PMoves:  Infeasibility  1.44145806e-12  Objective -5.12000000e+02
   243612 PMoves:  Infeasibility  9.08439990e-13  Objective -5.12000000e+02
   237328 PMoves:  Infeasibility  1.44145806e-12  Objective -5.12000000e+02
   228639 PMoves:  Infeasibility  3.85869114e-12  Objective -5.12000000e+02
   228639 PMoves:  Infeasibility  3.85869114e-12  Objective -5.12000000e+02
   219698 PMoves:  Infeasibility  1.13564713e-12  Objective -5.12000000e+02
   219698 PMoves:  Infeasibility  1.13564713e-12  Objective -5.12000000e+02
   208874 PMoves:  Infeasibility  8.99058605e-13  Objective -5.12000000e+02
   208874 PMoves:  Infeasibility  8.99058605e-13  Objective -5.12000000e+02
   195888 PMoves:  Infeasibility  5.67879077e-14  Objective -5.12000000e+02
   195888 PMoves:  Infeasibility  5.67879077e-14  Objective -5.12000000e+02
   184247 PMoves:  Infeasibility  2.12946327e-12  Objective -5.12000000e+02
   184247 PMoves:  Infeasibility  2.12946327e-12  Objective -5.12000000e+02
   173585 PMoves:  Infeasibility  2.43077780e-12  Objective -5.12000000e+02
   173585 PMoves:  Infeasibility  2.43077780e-12  Objective -5.12000000e+02
   160713 PMoves:  Infeasibility  3.31779049e-12  Objective -5.12000000e+02
   160713 PMoves:  Infeasibility  3.31779049e-12  Objective -5.12000000e+02
   144129 PMoves:  Infeasibility  3.22591953e-12  Objective -5.12000000e+02
   144129 PMoves:  Infeasibility  3.22591953e-12  Objective -5.12000000e+02
   130357 PMoves:  Infeasibility  2.50355292e-12  Objective -5.12000000e+02
   130357 PMoves:  Infeasibility  2.50355292e-12  Objective -5.12000000e+02
Total crossover time = 0.64 sec. (1588.16 ticks)

Total time on 6 threads = 1.31 sec. (1972.34 ticks)

Dual simplex solved model.


Log for 'CPLEX' Clone_1 (V12.7.1.0) Thu Jun  8 13:00:13 2017

Tried aggregator 0 times.
No LP presolve or aggregator reductions.
Presolve time = 0.14 sec. (50.35 ticks)
Symmetry aggregator did 263164 additional substitutions.
Tried aggregator 0 times.
Reduced presolve eliminated 2 rows and 2 columns.
All rows and columns eliminated.
Presolve time = 0.00 sec. (0.00 ticks)
Barrier time = 0.00 sec. (0.00 ticks)

Total time on 6 threads = 0.67 sec. (375.41 ticks)
Barrier time = 0.38 sec. (150.93 ticks)

Log for 'CPLEX' Clone_1 (V12.7.1.0) Thu Jun  8 13:00:13 2017


Primal crossover.
  Primal:  Fixing 260609 variables.
Parallel mode: deterministic, using up to 6 threads for concurrent optimization.

Dual crossover.
  Dual:  Fixed no variables.
   260608 PMoves:  Infeasibility  1.43813850e-11  Objective -5.12000000e+02
   260309 PMoves:  Infeasibility  2.84217094e-14  Objective -5.12000000e+02
   259878 PMoves:  Infeasibility  3.11606296e-12  Objective -5.12000000e+02
   259055 PMoves:  Infeasibility  1.79034565e-12  Objective -5.12000000e+02
  Primal:  Fixing 260609 variables.
   260608 PMoves:  Infeasibility  1.43813850e-11  Objective -5.12000000e+02
   260309 PMoves:  Infeasibility  2.84217094e-14  Objective -5.12000000e+02
   257234 PMoves:  Infeasibility  1.02307052e-13  Objective -5.12000000e+02
   259878 PMoves:  Infeasibility  3.11606296e-12  Objective -5.12000000e+02
   259055 PMoves:  Infeasibility  1.79034565e-12  Objective -5.12000000e+02
   253813 PMoves:  Infeasibility  1.00941477e-12  Objective -5.12000000e+02
   257234 PMoves:  Infeasibility  1.02307052e-13  Objective -5.12000000e+02
   253813 PMoves:  Infeasibility  1.00941477e-12  Objective -5.12000000e+02
   248650 PMoves:  Infeasibility  6.31439345e-13  Objective -5.12000000e+02
   248650 PMoves:  Infeasibility  6.31439345e-13  Objective -5.12000000e+02
   243612 PMoves:  Infeasibility  9.08439990e-13  Objective -5.12000000e+02
   243612 PMoves:  Infeasibility  9.08439990e-13  Objective -5.12000000e+02
   237328 PMoves:  Infeasibility  1.44145806e-12  Objective -5.12000000e+02
   237328 PMoves:  Infeasibility  1.44145806e-12  Objective -5.12000000e+02
   228639 PMoves:  Infeasibility  3.85869114e-12  Objective -5.12000000e+02
   228639 PMoves:  Infeasibility  3.85869114e-12  Objective -5.12000000e+02
   219698 PMoves:  Infeasibility  1.13564713e-12  Objective -5.12000000e+02
   219698 PMoves:  Infeasibility  1.13564713e-12  Objective -5.12000000e+02
   208874 PMoves:  Infeasibility  8.99058605e-13  Objective -5.12000000e+02
   208874 PMoves:  Infeasibility  8.99058605e-13  Objective -5.12000000e+02
   195888 PMoves:  Infeasibility  5.67879077e-14  Objective -5.12000000e+02
   195888 PMoves:  Infeasibility  5.67879077e-14  Objective -5.12000000e+02
   184247 PMoves:  Infeasibility  2.12946327e-12  Objective -5.12000000e+02
   184247 PMoves:  Infeasibility  2.12946327e-12  Objective -5.12000000e+02
   173585 PMoves:  Infeasibility  2.43077780e-12  Objective -5.12000000e+02
   173585 PMoves:  Infeasibility  2.43077780e-12  Objective -5.12000000e+02
   160713 PMoves:  Infeasibility  3.31779049e-12  Objective -5.12000000e+02
   160713 PMoves:  Infeasibility  3.31779049e-12  Objective -5.12000000e+02
   144129 PMoves:  Infeasibility  3.22591953e-12  Objective -5.12000000e+02
   144129 PMoves:  Infeasibility  3.22591953e-12  Objective -5.12000000e+02
   130357 PMoves:  Infeasibility  2.50355292e-12  Objective -5.12000000e+02
   130357 PMoves:  Infeasibility  2.50355292e-12  Objective -5.12000000e+02
Total crossover time = 0.66 sec. (1579.76 ticks)

Total time on 6 threads = 1.33 sec. (1963.93 ticks)

Dual simplex solved model.


Log for 'CPLEX' Clone_1 (V12.7.1.0) Thu Jun  8 13:00:15 2017

Tried aggregator 0 times.
No LP presolve or aggregator reductions.
Presolve time = 0.14 sec. (50.35 ticks)
Symmetry aggregator did 263164 additional substitutions.
Tried aggregator 0 times.
Reduced presolve eliminated 2 rows and 2 columns.
All rows and columns eliminated.
Presolve time = 0.00 sec. (0.00 ticks)
Barrier time = 0.00 sec. (0.00 ticks)

Total time on 6 threads = 0.67 sec. (375.41 ticks)
Barrier time = 0.39 sec. (150.93 ticks)

Log for 'CPLEX' Clone_1 (V12.7.1.0) Thu Jun  8 13:00:16 2017


Primal crossover.
  Primal:  Fixing 260609 variables.
Parallel mode: deterministic, using up to 6 threads for concurrent optimization.

Dual crossover.
  Dual:  Fixed no variables.
   260608 PMoves:  Infeasibility  1.43813850e-11  Objective -5.12000000e+02
   260309 PMoves:  Infeasibility  2.84217094e-14  Objective -5.12000000e+02
   259878 PMoves:  Infeasibility  3.11606296e-12  Objective -5.12000000e+02
  Primal:  Fixing 260609 variables.
   259055 PMoves:  Infeasibility  1.79034565e-12  Objective -5.12000000e+02
   260608 PMoves:  Infeasibility  1.43813850e-11  Objective -5.12000000e+02
   260309 PMoves:  Infeasibility  2.84217094e-14  Objective -5.12000000e+02
   257234 PMoves:  Infeasibility  1.02307052e-13  Objective -5.12000000e+02
   259878 PMoves:  Infeasibility  3.11606296e-12  Objective -5.12000000e+02
   259055 PMoves:  Infeasibility  1.79034565e-12  Objective -5.12000000e+02
   253813 PMoves:  Infeasibility  1.00941477e-12  Objective -5.12000000e+02
   257234 PMoves:  Infeasibility  1.02307052e-13  Objective -5.12000000e+02
   253813 PMoves:  Infeasibility  1.00941477e-12  Objective -5.12000000e+02
   248650 PMoves:  Infeasibility  6.31439345e-13  Objective -5.12000000e+02
   248650 PMoves:  Infeasibility  6.31439345e-13  Objective -5.12000000e+02
   243612 PMoves:  Infeasibility  9.08439990e-13  Objective -5.12000000e+02
   243612 PMoves:  Infeasibility  9.08439990e-13  Objective -5.12000000e+02
   237328 PMoves:  Infeasibility  1.44145806e-12  Objective -5.12000000e+02
   237328 PMoves:  Infeasibility  1.44145806e-12  Objective -5.12000000e+02
   228639 PMoves:  Infeasibility  3.85869114e-12  Objective -5.12000000e+02
   228639 PMoves:  Infeasibility  3.85869114e-12  Objective -5.12000000e+02
   219698 PMoves:  Infeasibility  1.13564713e-12  Objective -5.12000000e+02
   219698 PMoves:  Infeasibility  1.13564713e-12  Objective -5.12000000e+02
   208874 PMoves:  Infeasibility  8.99058605e-13  Objective -5.12000000e+02
   208874 PMoves:  Infeasibility  8.99058605e-13  Objective -5.12000000e+02
   195888 PMoves:  Infeasibility  5.67879077e-14  Objective -5.12000000e+02
   195888 PMoves:  Infeasibility  5.67879077e-14  Objective -5.12000000e+02
   184247 PMoves:  Infeasibility  2.12946327e-12  Objective -5.12000000e+02
   184247 PMoves:  Infeasibility  2.12946327e-12  Objective -5.12000000e+02
   173585 PMoves:  Infeasibility  2.43077780e-12  Objective -5.12000000e+02
   173585 PMoves:  Infeasibility  2.43077780e-12  Objective -5.12000000e+02
   160713 PMoves:  Infeasibility  3.31779049e-12  Objective -5.12000000e+02
   160713 PMoves:  Infeasibility  3.31779049e-12  Objective -5.12000000e+02
   144129 PMoves:  Infeasibility  3.22591953e-12  Objective -5.12000000e+02
   144129 PMoves:  Infeasibility  3.22591953e-12  Objective -5.12000000e+02
   130357 PMoves:  Infeasibility  2.50355292e-12  Objective -5.12000000e+02
   130357 PMoves:  Infeasibility  2.50355292e-12  Objective -5.12000000e+02
Total crossover time = 0.66 sec. (1542.62 ticks)

Total time on 6 threads = 1.33 sec. (1926.80 ticks)

Dual simplex solved model.


Log for 'CPLEX' Clone_1 (V12.7.1.0) Thu Jun  8 13:00:17 2017

Tried aggregator 0 times.
No LP presolve or aggregator reductions.
Presolve time = 0.15 sec. (50.35 ticks)
Symmetry aggregator did 263164 additional substitutions.
Tried aggregator 0 times.
Reduced presolve eliminated 2 rows and 2 columns.
All rows and columns eliminated.
Presolve time = 0.00 sec. (0.00 ticks)
Barrier time = 0.00 sec. (0.00 ticks)

Total time on 6 threads = 0.69 sec. (375.41 ticks)
Barrier time = 0.40 sec. (150.93 ticks)

Log for 'CPLEX' Clone_1 (V12.7.1.0) Thu Jun  8 13:00:18 2017


Primal crossover.
  Primal:  Fixing 260609 variables.
Parallel mode: deterministic, using up to 6 threads for concurrent optimization.

Dual crossover.
  Dual:  Fixed no variables.
   260608 PMoves:  Infeasibility  1.43813850e-11  Objective -5.12000000e+02
   260309 PMoves:  Infeasibility  2.84217094e-14  Objective -5.12000000e+02
   259878 PMoves:  Infeasibility  3.11606296e-12  Objective -5.12000000e+02
  Primal:  Fixing 260609 variables.
   260608 PMoves:  Infeasibility  1.43813850e-11  Objective -5.12000000e+02
   259055 PMoves:  Infeasibility  1.79034565e-12  Objective -5.12000000e+02
   260309 PMoves:  Infeasibility  2.84217094e-14  Objective -5.12000000e+02
   259878 PMoves:  Infeasibility  3.11606296e-12  Objective -5.12000000e+02
   257234 PMoves:  Infeasibility  1.02307052e-13  Objective -5.12000000e+02
   259055 PMoves:  Infeasibility  1.79034565e-12  Objective -5.12000000e+02
   257234 PMoves:  Infeasibility  1.02307052e-13  Objective -5.12000000e+02
   253813 PMoves:  Infeasibility  1.00941477e-12  Objective -5.12000000e+02
   253813 PMoves:  Infeasibility  1.00941477e-12  Objective -5.12000000e+02
   248650 PMoves:  Infeasibility  6.31439345e-13  Objective -5.12000000e+02
   248650 PMoves:  Infeasibility  6.31439345e-13  Objective -5.12000000e+02
   243612 PMoves:  Infeasibility  9.08439990e-13  Objective -5.12000000e+02
   243612 PMoves:  Infeasibility  9.08439990e-13  Objective -5.12000000e+02
   237328 PMoves:  Infeasibility  1.44145806e-12  Objective -5.12000000e+02
   237328 PMoves:  Infeasibility  1.44145806e-12  Objective -5.12000000e+02
   228639 PMoves:  Infeasibility  3.85869114e-12  Objective -5.12000000e+02
   228639 PMoves:  Infeasibility  3.85869114e-12  Objective -5.12000000e+02
   219698 PMoves:  Infeasibility  1.13564713e-12  Objective -5.12000000e+02
   219698 PMoves:  Infeasibility  1.13564713e-12  Objective -5.12000000e+02
   208874 PMoves:  Infeasibility  8.99058605e-13  Objective -5.12000000e+02
   208874 PMoves:  Infeasibility  8.99058605e-13  Objective -5.12000000e+02
   195888 PMoves:  Infeasibility  5.67879077e-14  Objective -5.12000000e+02
   195888 PMoves:  Infeasibility  5.67879077e-14  Objective -5.12000000e+02
   184247 PMoves:  Infeasibility  2.12946327e-12  Objective -5.12000000e+02
   184247 PMoves:  Infeasibility  2.12946327e-12  Objective -5.12000000e+02
   173585 PMoves:  Infeasibility  2.43077780e-12  Objective -5.12000000e+02
   173585 PMoves:  Infeasibility  2.43077780e-12  Objective -5.12000000e+02
   160713 PMoves:  Infeasibility  3.31779049e-12  Objective -5.12000000e+02
   160713 PMoves:  Infeasibility  3.31779049e-12  Objective -5.12000000e+02
   144129 PMoves:  Infeasibility  3.22591953e-12  Objective -5.12000000e+02
   144129 PMoves:  Infeasibility  3.22591953e-12  Objective -5.12000000e+02
   130357 PMoves:  Infeasibility  2.50355292e-12  Objective -5.12000000e+02
   130357 PMoves:  Infeasibility  2.50355292e-12  Objective -5.12000000e+02
Total crossover time = 0.68 sec. (1559.51 ticks)

Total time on 6 threads = 1.38 sec. (1943.68 ticks)

Dual simplex solved model.


Log for 'CPLEX' Clone_1 (V12.7.1.0) Thu Jun  8 13:00:19 2017

Tried aggregator 0 times.
No LP presolve or aggregator reductions.
Presolve time = 0.14 sec. (50.35 ticks)
Symmetry aggregator did 263164 additional substitutions.
Tried aggregator 0 times.
Reduced presolve eliminated 2 rows and 2 columns.
All rows and columns eliminated.
Presolve time = 0.00 sec. (0.00 ticks)
Barrier time = 0.00 sec. (0.00 ticks)

Total time on 6 threads = 0.69 sec. (375.41 ticks)
Barrier time = 0.40 sec. (150.93 ticks)

Log for 'CPLEX' Clone_1 (V12.7.1.0) Thu Jun  8 13:00:20 2017


Primal crossover.
  Primal:  Fixing 260609 variables.
Parallel mode: deterministic, using up to 6 threads for concurrent optimization.

Dual crossover.
  Dual:  Fixed no variables.
   260608 PMoves:  Infeasibility  1.43813850e-11  Objective -5.12000000e+02
   260309 PMoves:  Infeasibility  2.84217094e-14  Objective -5.12000000e+02
   259878 PMoves:  Infeasibility  3.11606296e-12  Objective -5.12000000e+02
   259055 PMoves:  Infeasibility  1.79034565e-12  Objective -5.12000000e+02
  Primal:  Fixing 260609 variables.
   260608 PMoves:  Infeasibility  1.43813850e-11  Objective -5.12000000e+02
   257234 PMoves:  Infeasibility  1.02307052e-13  Objective -5.12000000e+02
   260309 PMoves:  Infeasibility  2.84217094e-14  Objective -5.12000000e+02
   259878 PMoves:  Infeasibility  3.11606296e-12  Objective -5.12000000e+02
   259055 PMoves:  Infeasibility  1.79034565e-12  Objective -5.12000000e+02
   253813 PMoves:  Infeasibility  1.00941477e-12  Objective -5.12000000e+02
   257234 PMoves:  Infeasibility  1.02307052e-13  Objective -5.12000000e+02
   253813 PMoves:  Infeasibility  1.00941477e-12  Objective -5.12000000e+02
   248650 PMoves:  Infeasibility  6.31439345e-13  Objective -5.12000000e+02
   248650 PMoves:  Infeasibility  6.31439345e-13  Objective -5.12000000e+02
   243612 PMoves:  Infeasibility  9.08439990e-13  Objective -5.12000000e+02
   243612 PMoves:  Infeasibility  9.08439990e-13  Objective -5.12000000e+02
   237328 PMoves:  Infeasibility  1.44145806e-12  Objective -5.12000000e+02
   237328 PMoves:  Infeasibility  1.44145806e-12  Objective -5.12000000e+02
   228639 PMoves:  Infeasibility  3.85869114e-12  Objective -5.12000000e+02
   228639 PMoves:  Infeasibility  3.85869114e-12  Objective -5.12000000e+02
   219698 PMoves:  Infeasibility  1.13564713e-12  Objective -5.12000000e+02
   219698 PMoves:  Infeasibility  1.13564713e-12  Objective -5.12000000e+02
   208874 PMoves:  Infeasibility  8.99058605e-13  Objective -5.12000000e+02
   208874 PMoves:  Infeasibility  8.99058605e-13  Objective -5.12000000e+02
   195888 PMoves:  Infeasibility  5.67879077e-14  Objective -5.12000000e+02
   195888 PMoves:  Infeasibility  5.67879077e-14  Objective -5.12000000e+02
   184247 PMoves:  Infeasibility  2.12946327e-12  Objective -5.12000000e+02
   184247 PMoves:  Infeasibility  2.12946327e-12  Objective -5.12000000e+02
   173585 PMoves:  Infeasibility  2.43077780e-12  Objective -5.12000000e+02
   173585 PMoves:  Infeasibility  2.43077780e-12  Objective -5.12000000e+02
   160713 PMoves:  Infeasibility  3.31779049e-12  Objective -5.12000000e+02
   160713 PMoves:  Infeasibility  3.31779049e-12  Objective -5.12000000e+02
   144129 PMoves:  Infeasibility  3.22591953e-12  Objective -5.12000000e+02
   144129 PMoves:  Infeasibility  3.22591953e-12  Objective -5.12000000e+02
   130357 PMoves:  Infeasibility  2.50355292e-12  Objective -5.12000000e+02
   130357 PMoves:  Infeasibility  2.50355292e-12  Objective -5.12000000e+02
Total crossover time = 0.66 sec. (1558.23 ticks)

Total time on 6 threads = 1.35 sec. (1942.40 ticks)

Dual simplex solved model.


Log for 'CPLEX' Clone_1 (V12.7.1.0) Thu Jun  8 13:00:23 2017

Tried aggregator 0 times.
No LP presolve or aggregator reductions.
Presolve time = 0.68 sec. (201.19 ticks)
Symmetry aggregator did 1050620 additional substitutions.
Tried aggregator 0 times.
Reduced presolve eliminated 2 rows and 2 columns.
All rows and columns eliminated.
Presolve time = 0.00 sec. (0.00 ticks)
Barrier time = 0.00 sec. (0.00 ticks)

Total time on 6 threads = 3.93 sec. (1215.26 ticks)
Barrier time = 2.53 sec. (603.93 ticks)

Log for 'CPLEX' Clone_1 (V12.7.1.0) Thu Jun  8 13:00:27 2017


Primal crossover.
  Primal:  Fixing 1045505 variables.
Parallel mode: deterministic, using up to 6 threads for concurrent optimization.

Dual crossover.
  Dual:  Fixed no variables.
   1045504 PMoves:  Infeasibility  1.80745002e-12  Objective -1.02400000e+03
   1045033 PMoves:  Infeasibility  1.76247905e-15  Objective -1.02400000e+03
   1044560 PMoves:  Infeasibility  1.76247905e-15  Objective -1.02400000e+03
   1043709 PMoves:  Infeasibility  3.39256401e-13  Objective -1.02400000e+03
  Primal:  Fixing 1045505 variables.
   1045504 PMoves:  Infeasibility  1.80745002e-12  Objective -1.02400000e+03
   1045033 PMoves:  Infeasibility  1.76247905e-15  Objective -1.02400000e+03
   1042313 PMoves:  Infeasibility  0.00000000e+00  Objective -1.02400000e+03
   1044560 PMoves:  Infeasibility  1.76247905e-15  Objective -1.02400000e+03
   1043709 PMoves:  Infeasibility  3.39256401e-13  Objective -1.02400000e+03
   1039776 PMoves:  Infeasibility  3.31332184e-16  Objective -1.02400000e+03
   1042313 PMoves:  Infeasibility  0.00000000e+00  Objective -1.02400000e+03
   1039776 PMoves:  Infeasibility  3.31332184e-16  Objective -1.02400000e+03
   1034855 PMoves:  Infeasibility  1.56871044e-13  Objective -1.02400000e+03
   1034855 PMoves:  Infeasibility  1.56871044e-13  Objective -1.02400000e+03
   1026506 PMoves:  Infeasibility  3.36536354e-16  Objective -1.02400000e+03
   1026506 PMoves:  Infeasibility  3.36536354e-16  Objective -1.02400000e+03
   1016472 PMoves:  Infeasibility  9.03686848e-14  Objective -1.02400000e+03
   1016472 PMoves:  Infeasibility  9.03686848e-14  Objective -1.02400000e+03
   1002863 PMoves:  Infeasibility  8.15979229e-14  Objective -1.02400000e+03
   1002863 PMoves:  Infeasibility  8.15979229e-14  Objective -1.02400000e+03
   991338 PMoves:  Infeasibility  7.90478794e-14  Objective -1.02400000e+03
   991338 PMoves:  Infeasibility  7.90478794e-14  Objective -1.02400000e+03
   976666 PMoves:  Infeasibility  9.94759830e-14  Objective -1.02400000e+03
   976666 PMoves:  Infeasibility  9.94759830e-14  Objective -1.02400000e+03
  Primal:  Pushed 78962, exchanged 5236.
  Primal:  Pushed 80291, exchanged 5255.
Total crossover time = 1.12 sec. (1960.62 ticks)

Total time on 6 threads = 5.08 sec. (3210.92 ticks)
