
Log for 'CPLEX' Clone_2 (V12.7.1.0) Thu Jun  8 13:00:05 2017


Iteration log . . .
Iteration:     1    Infeasibility =            59.000000
Iteration:   143    Infeasibility =            30.000000
Iteration:   271    Infeasibility =            14.000000
Iteration:   387    Infeasibility =             5.000000

Dual simplex solved model.


Log for 'CPLEX' Clone_2 (V12.7.1.0) Thu Jun  8 13:00:05 2017


Iteration log . . .
Iteration:     1    Infeasibility =            59.000000
Iteration:   143    Infeasibility =            30.000000
Iteration:   271    Infeasibility =            14.000000
Iteration:   387    Infeasibility =             5.000000

Dual simplex solved model.


Log for 'CPLEX' Clone_2 (V12.7.1.0) Thu Jun  8 13:00:05 2017


Iteration log . . .
Iteration:     1    Infeasibility =            59.000000
Iteration:   143    Infeasibility =            30.000000
Iteration:   271    Infeasibility =            14.000000
Iteration:   387    Infeasibility =             5.000000

Dual simplex solved model.


Log for 'CPLEX' Clone_2 (V12.7.1.0) Thu Jun  8 13:00:05 2017


Iteration log . . .
Iteration:     1    Infeasibility =            59.000000
Iteration:   143    Infeasibility =            30.000000
Iteration:   271    Infeasibility =            14.000000
Iteration:   387    Infeasibility =             5.000000

Dual simplex solved model.


Log for 'CPLEX' Clone_2 (V12.7.1.0) Thu Jun  8 13:00:06 2017


Iteration log . . .
Iteration:     1    Infeasibility =            59.000000
Iteration:   143    Infeasibility =            30.000000
Iteration:   271    Infeasibility =            14.000000
Iteration:   387    Infeasibility =             5.000000

Dual simplex solved model.


Log for 'CPLEX' Clone_2 (V12.7.1.0) Thu Jun  8 13:00:06 2017

Sifting iteration    1 [ 1128]:   Scaled infeas =             0.000000

Dual simplex solved model.


Log for 'CPLEX' Clone_2 (V12.7.1.0) Thu Jun  8 13:00:06 2017

Sifting iteration    1 [ 1128]:   Scaled infeas =             0.000000
Sifting iteration    2 [ 1798]:   Objective     =           -17.000000

Dual simplex solved model.


Log for 'CPLEX' Clone_2 (V12.7.1.0) Thu Jun  8 13:00:07 2017

Sifting iteration    1 [ 1128]:   Scaled infeas =             0.000000
Sifting iteration    2 [ 1798]:   Objective     =           -17.000000

Dual simplex solved model.


Log for 'CPLEX' Clone_2 (V12.7.1.0) Thu Jun  8 13:00:07 2017

Sifting iteration    1 [ 1128]:   Scaled infeas =             0.000000
Sifting iteration    2 [ 1798]:   Objective     =           -17.000000

Dual simplex solved model.


Log for 'CPLEX' Clone_2 (V12.7.1.0) Thu Jun  8 13:00:07 2017

Sifting iteration    1 [ 1128]:   Scaled infeas =             0.000000
Sifting iteration    2 [ 1798]:   Objective     =           -17.000000

Dual simplex solved model.


Log for 'CPLEX' Clone_2 (V12.7.1.0) Thu Jun  8 13:00:08 2017

Sifting iteration    1 [ 1256]:   Scaled infeas =             1.000000
Sifting iteration    2 [ 2256]:   Scaled infeas =             0.000000
Sifting iteration    3 [ 2796]:   Objective     =           -13.000000
Sifting iteration    4 [ 3796]:   Objective     =           -23.000000
Sifting iteration    5 [ 4796]:   Objective     =           -36.000000
Sifting iteration    6 [ 5796]:   Objective     =           -42.000000

Dual simplex solved model.


Log for 'CPLEX' Clone_2 (V12.7.1.0) Thu Jun  8 13:00:08 2017

Sifting iteration    1 [ 1256]:   Scaled infeas =             1.000000
Sifting iteration    2 [ 2256]:   Scaled infeas =             0.000000
Sifting iteration    3 [ 2796]:   Objective     =           -13.000000
Sifting iteration    4 [ 3796]:   Objective     =           -23.000000
Sifting iteration    5 [ 4796]:   Objective     =           -36.000000
Sifting iteration    6 [ 5796]:   Objective     =           -42.000000

Dual simplex solved model.


Log for 'CPLEX' Clone_2 (V12.7.1.0) Thu Jun  8 13:00:09 2017

Sifting iteration    1 [ 1256]:   Scaled infeas =             1.000000
Sifting iteration    2 [ 2256]:   Scaled infeas =             0.000000
Sifting iteration    3 [ 2796]:   Objective     =           -13.000000
Sifting iteration    4 [ 3796]:   Objective     =           -23.000000
Sifting iteration    5 [ 4796]:   Objective     =           -36.000000
Sifting iteration    6 [ 5796]:   Objective     =           -42.000000

Dual simplex solved model.


Log for 'CPLEX' Clone_2 (V12.7.1.0) Thu Jun  8 13:00:09 2017

Sifting iteration    1 [ 1256]:   Scaled infeas =             1.000000
Sifting iteration    2 [ 2256]:   Scaled infeas =             0.000000
Sifting iteration    3 [ 2796]:   Objective     =           -13.000000
Sifting iteration    4 [ 3796]:   Objective     =           -23.000000
Sifting iteration    5 [ 4796]:   Objective     =           -36.000000
Sifting iteration    6 [ 5796]:   Objective     =           -42.000000

Dual simplex solved model.


Log for 'CPLEX' Clone_2 (V12.7.1.0) Thu Jun  8 13:00:09 2017

Sifting iteration    1 [ 1256]:   Scaled infeas =             1.000000
Sifting iteration    2 [ 2256]:   Scaled infeas =             0.000000
Sifting iteration    3 [ 2796]:   Objective     =           -13.000000
Sifting iteration    4 [ 3796]:   Objective     =           -23.000000
Sifting iteration    5 [ 4796]:   Objective     =           -36.000000
Sifting iteration    6 [ 5796]:   Objective     =           -42.000000
Sifting iteration    7 [ 6796]:   Objective     =           -47.000000

Dual simplex solved model.


Log for 'CPLEX' Clone_2 (V12.7.1.0) Thu Jun  8 13:00:11 2017

Sifting iteration    1 [ 5512]:   Scaled infeas =             2.000000
Sifting iteration    2 [10512]:   Scaled infeas =             0.000000
Sifting iteration    3 [13156]:   Objective     =           -41.000000
Sifting iteration    4 [18156]:   Objective     =           -85.000000
Sifting iteration    5 [23156]:   Objective     =          -105.000000

Dual simplex solved model.


Log for 'CPLEX' Clone_2 (V12.7.1.0) Thu Jun  8 13:00:13 2017

Sifting iteration    1 [ 5512]:   Scaled infeas =             2.000000
Sifting iteration    2 [10512]:   Scaled infeas =             0.000000
Sifting iteration    3 [13156]:   Objective     =           -41.000000
Sifting iteration    4 [18156]:   Objective     =           -85.000000
Sifting iteration    5 [23156]:   Objective     =          -105.000000

Dual simplex solved model.


Log for 'CPLEX' Clone_2 (V12.7.1.0) Thu Jun  8 13:00:15 2017

Sifting iteration    1 [ 5512]:   Scaled infeas =             2.000000
Sifting iteration    2 [10512]:   Scaled infeas =             0.000000
Sifting iteration    3 [13156]:   Objective     =           -41.000000
Sifting iteration    4 [18156]:   Objective     =           -85.000000
Sifting iteration    5 [23156]:   Objective     =          -105.000000

Dual simplex solved model.


Log for 'CPLEX' Clone_2 (V12.7.1.0) Thu Jun  8 13:00:17 2017

Sifting iteration    1 [ 5512]:   Scaled infeas =             2.000000
Sifting iteration    2 [10512]:   Scaled infeas =             0.000000
Sifting iteration    3 [13156]:   Objective     =           -41.000000
Sifting iteration    4 [18156]:   Objective     =           -85.000000
Sifting iteration    5 [23156]:   Objective     =          -105.000000

Dual simplex solved model.


Log for 'CPLEX' Clone_2 (V12.7.1.0) Thu Jun  8 13:00:19 2017

Sifting iteration    1 [ 5512]:   Scaled infeas =             2.000000
Sifting iteration    2 [10512]:   Scaled infeas =             0.000000
Sifting iteration    3 [13156]:   Objective     =           -41.000000
Sifting iteration    4 [18156]:   Objective     =           -85.000000
Sifting iteration    5 [23156]:   Objective     =          -105.000000

Dual simplex solved model.


Log for 'CPLEX' Clone_2 (V12.7.1.0) Thu Jun  8 13:00:23 2017

Sifting iteration    1 [11024]:   Scaled infeas =             2.000000
Sifting iteration    2 [21024]:   Scaled infeas =             0.000000
